2025-04-14 20:06:12,381 - INFO - ScalarHadronizer instance created with scalar_mass=3000
2025-04-14 20:06:12,779 - INFO - Invalid particle K*BR in DECAY.XML
2025-04-14 20:06:12,780 - INFO - Invalid particle K*0R in DECAY.XML
2025-04-14 20:06:12,780 - INFO - Invalid particle D'_1+ in DECAY.XML
2025-04-14 20:06:12,780 - INFO - Invalid particle D'_1- in DECAY.XML
2025-04-14 20:06:12,781 - INFO - Invalid particle D(2S)0 in DECAY.XML
2025-04-14 20:06:12,781 - INFO - Invalid particle anti-D(2S)0 in DECAY.XML
2025-04-14 20:06:12,781 - INFO - Invalid particle D(2S)+ in DECAY.XML
2025-04-14 20:06:12,781 - INFO - Invalid particle D(2S)- in DECAY.XML
2025-04-14 20:06:12,781 - INFO - Invalid particle D*(2S)0 in DECAY.XML
2025-04-14 20:06:12,782 - INFO - Invalid particle anti-D*(2S)0 in DECAY.XML
2025-04-14 20:06:12,782 - INFO - Invalid particle D*(2S)+ in DECAY.XML
2025-04-14 20:06:12,782 - INFO - Invalid particle D*(2S)- in DECAY.XML
2025-04-14 20:06:12,782 - INFO - Invalid particle K*L in DECAY.XML
2025-04-14 20:06:12,782 - INFO - Invalid particle K*S in DECAY.XML
2025-04-14 20:06:12,782 - INFO - Invalid particle K*BL in DECAY.XML
2025-04-14 20:06:12,783 - INFO - Invalid particle K*BS in DECAY.XML
2025-04-14 20:06:12,783 - INFO - Invalid particle K*0T in DECAY.XML
2025-04-14 20:06:12,783 - INFO - Invalid particle anti-K*0T in DECAY.XML
2025-04-14 20:06:12,783 - INFO - Invalid particle K_0*0N in DECAY.XML
2025-04-14 20:06:12,783 - INFO - Invalid particle anti-K_0*0N in DECAY.XML
2025-04-14 20:06:12,784 - INFO - Invalid particle Xsd in DECAY.XML
2025-04-14 20:06:12,784 - INFO - Invalid particle anti-Xsd in DECAY.XML
2025-04-14 20:06:12,784 - INFO - Invalid particle Xsu in DECAY.XML
2025-04-14 20:06:12,784 - INFO - Invalid particle anti-Xsu in DECAY.XML
2025-04-14 20:06:12,785 - INFO - Invalid particle Xss in DECAY.XML
2025-04-14 20:06:12,785 - INFO - Invalid particle anti-Xss in DECAY.XML
2025-04-14 20:06:12,787 - INFO - Invalid particle X_1(3872) in DECAY.XML
2025-04-14 20:06:12,787 - INFO - Invalid particle chi_b0(3P) in DECAY.XML
2025-04-14 20:06:12,787 - INFO - Invalid particle Upsilon_1(1D) in DECAY.XML
2025-04-14 20:06:12,787 - INFO - Invalid particle Upsilon_3(1D) in DECAY.XML
2025-04-14 20:06:12,788 - INFO - Invalid particle Upsilon_1(2D) in DECAY.XML
2025-04-14 20:06:12,788 - INFO - Invalid particle Upsilon_2(2D) in DECAY.XML
2025-04-14 20:06:12,788 - INFO - Invalid particle Upsilon_3(2D) in DECAY.XML
2025-04-14 20:06:12,788 - INFO - Invalid particle h_b(3P) in DECAY.XML
2025-04-14 20:06:12,789 - INFO - Invalid particle eta_b2(1D) in DECAY.XML
2025-04-14 20:06:12,789 - INFO - Invalid particle eta_b2(2D) in DECAY.XML
2025-04-14 20:06:12,789 - INFO - Invalid particle c-hadron in DECAY.XML
2025-04-14 20:06:12,791 - INFO - Invalid particle Xu0 in DECAY.XML
2025-04-14 20:06:12,791 - INFO - Invalid particle Xu+ in DECAY.XML
2025-04-14 20:06:12,792 - INFO - Invalid particle Sigma_b0 in DECAY.XML
2025-04-14 20:06:12,792 - INFO - Invalid particle anti-Sigma_b0 in DECAY.XML
2025-04-14 20:06:12,792 - INFO - Invalid particle Xi'_b- in DECAY.XML
2025-04-14 20:06:12,792 - INFO - Invalid particle anti-Xi'_b+ in DECAY.XML
2025-04-14 20:06:12,793 - INFO - Invalid particle Xi'_b0 in DECAY.XML
2025-04-14 20:06:12,793 - INFO - Invalid particle anti-Xi'_b0 in DECAY.XML
2025-04-14 20:06:12,793 - INFO - Invalid particle B_0*+ in DECAY.XML
2025-04-14 20:06:12,793 - INFO - Invalid particle B_0*- in DECAY.XML
2025-04-14 20:06:12,794 - INFO - Invalid particle B'_1+ in DECAY.XML
2025-04-14 20:06:12,794 - INFO - Invalid particle B'_1- in DECAY.XML
2025-04-14 20:06:12,794 - INFO - Invalid particle B_1+ in DECAY.XML
2025-04-14 20:06:12,795 - INFO - Invalid particle B_1- in DECAY.XML
2025-04-14 20:06:12,795 - INFO - Invalid particle B_0*0 in DECAY.XML
2025-04-14 20:06:12,795 - INFO - Invalid particle anti-B_0*0 in DECAY.XML
2025-04-14 20:06:12,795 - INFO - Invalid particle B'_10 in DECAY.XML
2025-04-14 20:06:12,796 - INFO - Invalid particle anti-B'_10 in DECAY.XML
2025-04-14 20:06:12,796 - INFO - Invalid particle B_10 in DECAY.XML
2025-04-14 20:06:12,796 - INFO - Invalid particle anti-B_10 in DECAY.XML
2025-04-14 20:06:12,796 - INFO - Invalid particle B_s0*0 in DECAY.XML
2025-04-14 20:06:12,796 - INFO - Invalid particle anti-B_s0*0 in DECAY.XML
2025-04-14 20:06:12,797 - INFO - Invalid particle B'_s10 in DECAY.XML
2025-04-14 20:06:12,797 - INFO - Invalid particle anti-B'_s10 in DECAY.XML
2025-04-14 20:06:12,797 - INFO - Invalid particle B_s10 in DECAY.XML
2025-04-14 20:06:12,797 - INFO - Invalid particle anti-B_s10 in DECAY.XML
2025-04-14 20:06:12,797 - INFO - Invalid particle B_c*+ in DECAY.XML
2025-04-14 20:06:12,797 - INFO - Invalid particle B_c*- in DECAY.XML
2025-04-14 20:06:12,798 - INFO - Invalid particle B_c2*+ in DECAY.XML
2025-04-14 20:06:12,798 - INFO - Invalid particle B_c2*- in DECAY.XML
2025-04-14 20:06:12,798 - INFO - Invalid particle Sigma_b*0 in DECAY.XML
2025-04-14 20:06:12,798 - INFO - Invalid particle anti-Sigma_b*0 in DECAY.XML
2025-04-14 20:06:12,799 - INFO - Invalid particle Xi_b*- in DECAY.XML
2025-04-14 20:06:12,799 - INFO - Invalid particle anti-Xi_b*+ in DECAY.XML
2025-04-14 20:06:12,799 - INFO - Invalid particle Xi_b*0 in DECAY.XML
2025-04-14 20:06:12,799 - INFO - Invalid particle anti-Xi_b*0 in DECAY.XML
2025-04-14 20:06:12,800 - INFO - Invalid particle Omega_b*- in DECAY.XML
2025-04-14 20:06:12,800 - INFO - Invalid particle anti-Omega_b*+ in DECAY.XML
2025-04-14 20:06:12,800 - INFO - Invalid particle B_c0*+ in DECAY.XML
2025-04-14 20:06:12,801 - INFO - Invalid particle B_c0*- in DECAY.XML
2025-04-14 20:06:12,801 - INFO - Invalid particle B_c1+ in DECAY.XML
2025-04-14 20:06:12,801 - INFO - Invalid particle B_c1- in DECAY.XML
2025-04-14 20:06:12,801 - INFO - Invalid particle B'_c1+ in DECAY.XML
2025-04-14 20:06:12,802 - INFO - Invalid particle B'_c1- in DECAY.XML
2025-04-14 20:06:12,802 - INFO - Invalid particle Xi_cc*++ in DECAY.XML
2025-04-14 20:06:12,802 - INFO - Invalid particle anti-Xi_cc*-- in DECAY.XML
2025-04-14 20:06:12,802 - INFO - Invalid particle Xi_cc++ in DECAY.XML
2025-04-14 20:06:12,803 - INFO - Invalid particle anti-Xi_cc-- in DECAY.XML
2025-04-14 20:06:12,803 - INFO - Invalid particle Xi_cc*+ in DECAY.XML
2025-04-14 20:06:12,803 - INFO - Invalid particle anti-Xi_cc*- in DECAY.XML
2025-04-14 20:06:12,803 - INFO - Invalid particle Xi_cc+ in DECAY.XML
2025-04-14 20:06:12,804 - INFO - Invalid particle anti-Xi_cc- in DECAY.XML
2025-04-14 20:06:12,804 - INFO - Invalid particle Omega_cc+ in DECAY.XML
2025-04-14 20:06:12,804 - INFO - Invalid particle anti-Omega_cc- in DECAY.XML
2025-04-14 20:06:12,805 - INFO - Invalid particle Omega_cc*+ in DECAY.XML
2025-04-14 20:06:12,805 - INFO - Invalid particle anti-Omega_cc*- in DECAY.XML
